<?xml version="1.0" encoding="UTF-8"?>
<!-- Generated by org.testng.reporters.JUnitReportReporter -->
<testsuite name="com.pagefactory.framework.homepage.TC003_VerifyLoginWithDifferentData" tests="5" time="2.629" ignored="0" failures="0" timestamp="24 Jul 2020 03:26:34 GMT" skipped="4" hostname="LAPTOP-G32GGVN8" errors="0">
  <testcase name="createAccountDifferentRecordsTest" time="0.002" classname="com.pagefactory.framework.homepage.TC003_VerifyLoginWithDifferentData">
    <skipped/>
  </testcase> <!-- createAccountDifferentRecordsTest -->
  <testcase name="createAccountDifferentRecordsTest" time="0.004" classname="com.pagefactory.framework.homepage.TC003_VerifyLoginWithDifferentData">
    <skipped/>
  </testcase> <!-- createAccountDifferentRecordsTest -->
  <testcase name="createAccountDifferentRecordsTest" time="0.002" classname="com.pagefactory.framework.homepage.TC003_VerifyLoginWithDifferentData">
    <skipped/>
  </testcase> <!-- createAccountDifferentRecordsTest -->
  <testcase name="createAccountDifferentRecordsTest" time="0.006" classname="com.pagefactory.framework.homepage.TC003_VerifyLoginWithDifferentData">
    <skipped/>
  </testcase> <!-- createAccountDifferentRecordsTest -->
  <testcase name="createAccountDifferentRecordsTest" time="2.615" classname="com.pagefactory.framework.homepage.TC003_VerifyLoginWithDifferentData"/>
</testsuite> <!-- com.pagefactory.framework.homepage.TC003_VerifyLoginWithDifferentData -->
