<?xml version="1.0" encoding="UTF-8"?>
<!-- Generated by org.testng.reporters.JUnitReportReporter -->
<testsuite name="com.pagefactory.framework.homepage.TC002_VerifyCreateAccount" tests="1" time="60.071" ignored="0" failures="0" timestamp="24 Jul 2020 10:17:04 GMT" skipped="0" hostname="LAPTOP-G32GGVN8" errors="0">
  <testcase name="verifyCreateAccount" time="60.071" classname="com.pagefactory.framework.homepage.TC002_VerifyCreateAccount"/>
</testsuite> <!-- com.pagefactory.framework.homepage.TC002_VerifyCreateAccount -->
