<?xml version="1.0" encoding="UTF-8"?>
<!-- Generated by org.testng.reporters.JUnitReportReporter -->
<testsuite name="com.pagefactory.framework.cogmento.TC01_Login" tests="2" time="10.672" ignored="0" failures="0" timestamp="27 Jul 2020 14:46:38 GMT" skipped="0" hostname="LAPTOP-G32GGVN8" errors="0">
  <testcase name="verifyLoginwithValidCredential" time="5.602" classname="com.pagefactory.framework.cogmento.TC01_Login"/>
  <testcase name="verifySuccessfullLogin" time="5.070" classname="com.pagefactory.framework.cogmento.TC01_Login"/>
</testsuite> <!-- com.pagefactory.framework.cogmento.TC01_Login -->
