<?xml version="1.0" encoding="UTF-8"?>
<!-- Generated by org.testng.reporters.JUnitReportReporter -->
<testsuite name="com.pagefactory.framework.cogmento.TC03_Profile" tests="5" time="29.650" ignored="0" failures="0" timestamp="28 Jul 2020 04:44:50 GMT" skipped="0" hostname="LAPTOP-G32GGVN8" errors="0">
  <testcase name="uploadResumeToProfile" time="9.119" classname="com.pagefactory.framework.cogmento.TC03_Profile"/>
  <testcase name="LoginwithValidCredential" time="5.819" classname="com.pagefactory.framework.cogmento.TC03_Profile"/>
  <testcase name="deleteResumefromProfile" time="9.393" classname="com.pagefactory.framework.cogmento.TC03_Profile"/>
  <testcase name="verifyProfilePageTitleTest" time="5.013" classname="com.pagefactory.framework.cogmento.TC03_Profile"/>
  <testcase name="ProfilePage" time="0.306" classname="com.pagefactory.framework.cogmento.TC03_Profile"/>
</testsuite> <!-- com.pagefactory.framework.cogmento.TC03_Profile -->
