<?xml version="1.0" encoding="UTF-8"?>
<!-- Generated by org.testng.reporters.JUnitReportReporter -->
<testsuite name="com.pagefactory.framework.cogmento.TC02_Home" tests="2" time="5.599" ignored="0" failures="0" timestamp="27 Jul 2020 14:51:09 GMT" skipped="0" hostname="LAPTOP-G32GGVN8" errors="0">
  <testcase name="verifyLoginwithValidCredential" time="5.583" classname="com.pagefactory.framework.cogmento.TC02_Home"/>
  <testcase name="verifyHomePageTitleTest" time="0.016" classname="com.pagefactory.framework.cogmento.TC02_Home"/>
</testsuite> <!-- com.pagefactory.framework.cogmento.TC02_Home -->
