<?xml version="1.0" encoding="UTF-8"?>
<!-- Generated by org.testng.reporters.JUnitReportReporter -->
<testsuite name="com.pagefactory.framework.naukari.TC03_Profile" tests="5" time="29.583" ignored="0" failures="0" timestamp="28 Jul 2020 05:58:59 GMT" skipped="0" hostname="LAPTOP-G32GGVN8" errors="0">
  <testcase name="ProfilePage" time="0.217" classname="com.pagefactory.framework.naukari.TC03_Profile"/>
  <testcase name="verifyProfilePageTitleTest" time="5.016" classname="com.pagefactory.framework.naukari.TC03_Profile"/>
  <testcase name="deleteResumefromProfile" time="9.480" classname="com.pagefactory.framework.naukari.TC03_Profile"/>
  <testcase name="uploadResumeToProfile" time="9.098" classname="com.pagefactory.framework.naukari.TC03_Profile"/>
  <testcase name="LoginwithValidCredential" time="5.772" classname="com.pagefactory.framework.naukari.TC03_Profile"/>
</testsuite> <!-- com.pagefactory.framework.naukari.TC03_Profile -->
