<?xml version="1.0" encoding="UTF-8"?>
<!-- Generated by org.testng.reporters.JUnitReportReporter -->
<testsuite name="com.pagefactory.framework.cogmento.TC02_Contacts" tests="1" time="64.892" ignored="0" failures="0" timestamp="27 Jul 2020 12:31:11 GMT" skipped="0" hostname="LAPTOP-G32GGVN8" errors="0">
  <testcase name="VerifyNewContact" time="64.892" classname="com.pagefactory.framework.cogmento.TC02_Contacts"/>
</testsuite> <!-- com.pagefactory.framework.cogmento.TC02_Contacts -->
